  Game.cpp
c:\users\paulina\documents\studia\4_sem\pk4\projekt\kitty_jump\kitty_jump\consts.h(17): warning C4244: 'initializing': conversion from 'float' to 'unsigned int', possible loss of data
c:\users\paulina\documents\studia\4_sem\pk4\projekt\kitty_jump\kitty_jump\consts.h(18): warning C4244: 'initializing': conversion from 'float' to 'unsigned int', possible loss of data
Game.cpp(148): warning C4305: '+=': truncation from 'double' to 'float'
Game.cpp(183): warning C4018: '<': signed/unsigned mismatch
Game.cpp(210): warning C4244: '=': conversion from 'int' to 'float', possible loss of data
Game.cpp(211): warning C4244: '=': conversion from 'int' to 'float', possible loss of data
LINK : warning C4727: PCH named c:\users\paulina\documents\studia\4_sem\pk4\projekt\kitty_jump\kitty_jump\release\kitty_jump.pch with same timestamp found in c:\users\paulina\documents\studia\4_sem\pk4\projekt\kitty_jump\kitty_jump\release\button.obj and c:\users\paulina\documents\studia\4_sem\pk4\projekt\kitty_jump\kitty_jump\release\assets.obj.  Using first PCH.
LINK : warning C4727: PCH named c:\users\paulina\documents\studia\4_sem\pk4\projekt\kitty_jump\kitty_jump\release\kitty_jump.pch with same timestamp found in c:\users\paulina\documents\studia\4_sem\pk4\projekt\kitty_jump\kitty_jump\release\gameover.obj and c:\users\paulina\documents\studia\4_sem\pk4\projekt\kitty_jump\kitty_jump\release\assets.obj.  Using first PCH.
LINK : warning C4727: PCH named c:\users\paulina\documents\studia\4_sem\pk4\projekt\kitty_jump\kitty_jump\release\kitty_jump.pch with same timestamp found in c:\users\paulina\documents\studia\4_sem\pk4\projekt\kitty_jump\kitty_jump\release\kitty.obj and c:\users\paulina\documents\studia\4_sem\pk4\projekt\kitty_jump\kitty_jump\release\assets.obj.  Using first PCH.
LINK : warning C4727: PCH named c:\users\paulina\documents\studia\4_sem\pk4\projekt\kitty_jump\kitty_jump\release\kitty_jump.pch with same timestamp found in c:\users\paulina\documents\studia\4_sem\pk4\projekt\kitty_jump\kitty_jump\release\main.obj and c:\users\paulina\documents\studia\4_sem\pk4\projekt\kitty_jump\kitty_jump\release\assets.obj.  Using first PCH.
LINK : warning C4727: PCH named c:\users\paulina\documents\studia\4_sem\pk4\projekt\kitty_jump\kitty_jump\release\kitty_jump.pch with same timestamp found in c:\users\paulina\documents\studia\4_sem\pk4\projekt\kitty_jump\kitty_jump\release\menu.obj and c:\users\paulina\documents\studia\4_sem\pk4\projekt\kitty_jump\kitty_jump\release\assets.obj.  Using first PCH.
LINK : warning C4727: PCH named c:\users\paulina\documents\studia\4_sem\pk4\projekt\kitty_jump\kitty_jump\release\kitty_jump.pch with same timestamp found in c:\users\paulina\documents\studia\4_sem\pk4\projekt\kitty_jump\kitty_jump\release\platform.obj and c:\users\paulina\documents\studia\4_sem\pk4\projekt\kitty_jump\kitty_jump\release\assets.obj.  Using first PCH.
LINK : warning C4727: PCH named c:\users\paulina\documents\studia\4_sem\pk4\projekt\kitty_jump\kitty_jump\release\kitty_jump.pch with same timestamp found in c:\users\paulina\documents\studia\4_sem\pk4\projekt\kitty_jump\kitty_jump\release\state.obj and c:\users\paulina\documents\studia\4_sem\pk4\projekt\kitty_jump\kitty_jump\release\assets.obj.  Using first PCH.
LINK : warning C4727: PCH named c:\users\paulina\documents\studia\4_sem\pk4\projekt\kitty_jump\kitty_jump\release\kitty_jump.pch with same timestamp found in c:\users\paulina\documents\studia\4_sem\pk4\projekt\kitty_jump\kitty_jump\release\stdafx.obj and c:\users\paulina\documents\studia\4_sem\pk4\projekt\kitty_jump\kitty_jump\release\assets.obj.  Using first PCH.
  Generating code
  3 of 378 functions ( 0.8%) were compiled, the rest were copied from previous compilation.
    0 functions were new in current compilation
    1 functions had inline decision re-evaluated but remain unchanged
  Finished generating code
  Kitty_Jump.vcxproj -> C:\Users\Paulina\Documents\Studia\4_sem\pk4\projekt\Kitty_Jump\Release\Kitty_Jump.exe
  Kitty_Jump.vcxproj -> C:\Users\Paulina\Documents\Studia\4_sem\pk4\projekt\Kitty_Jump\Release\Kitty_Jump.pdb (Full PDB)

Project Performance Summary:
     8789 ms  C:\Users\Paulina\Documents\Studia\4_sem\pk4\projekt\Kitty_Jump\Kitty_Jump\Kitty_Jump.vcxproj   1 calls
               8789 ms  Build                                      1 calls

Target Performance Summary:
        0 ms  AfterBuildCompileEvent                     1 calls
        0 ms  ComputeCLCompileGeneratedXDCFiles          1 calls
        0 ms  ComputeManifestGeneratedLinkerInputs       1 calls
        0 ms  ResolveReferences                          1 calls
        0 ms  SelectClCompile                            1 calls
        0 ms  GetCopyToOutputDirectoryXamlAppDefs        1 calls
        0 ms  _CheckForCompileOutputs                    1 calls
        0 ms  GetResolvedWinMD                           1 calls
        0 ms  _Manifest                                  1 calls
        0 ms  _SelectedFiles                             1 calls
        0 ms  _PrepareForBuild                           1 calls
        0 ms  PostBuildEvent                             1 calls
        0 ms  _Midl                                      1 calls
        0 ms  SelectCustomBuild                          1 calls
        0 ms  _ClCompile                                 1 calls
        0 ms  FixupCLCompileOptions                      1 calls
        0 ms  GetReferenceAssemblyPaths                  1 calls
        0 ms  ModifyUnitTestPlatformVersion              1 calls
        0 ms  CreateCustomManifestResourceNames          1 calls
        0 ms  SetBuildDefaultEnvironmentVariables        1 calls
        0 ms  ResolveAssemblyReferences                  1 calls
        0 ms  BeforeLink                                 1 calls
        0 ms  AfterBuildGenerateSources                  1 calls
        0 ms  MakeDirsForCl                              1 calls
        0 ms  BuildCompileTraverse                       1 calls
        0 ms  ExpandSDKReferences                        1 calls
        0 ms  BuildGenerateSources                       1 calls
        0 ms  _CopySourceItemsToOutputDirectory          1 calls
        0 ms  ComputeLinkImportLibraryOutputsForClean    1 calls
        0 ms  GetFrameworkPaths                          1 calls
        0 ms  AfterResourceCompile                       1 calls
        0 ms  _Xsd                                       1 calls
        0 ms  ComputeCustomBuildOutput                   1 calls
        0 ms  MakeDirsForBscMake                         1 calls
        0 ms  ComputeLinkSwitches                        1 calls
        0 ms  FinalizeBuildStatus                        1 calls
        0 ms  AfterBuild                                 1 calls
        0 ms  _GenerateSatelliteAssemblyInputs           1 calls
        0 ms  _ResourceCompile                           1 calls
        0 ms  ComputeLinkInputsFromProject               1 calls
        0 ms  Build                                      1 calls
        0 ms  _Link                                      1 calls
        0 ms  BuildLinkTraverse                          1 calls
        0 ms  ComputeRCOutputs                           1 calls
        0 ms  WarnCompileDuplicatedFilename              1 calls
        0 ms  _XdcMake                                   1 calls
        0 ms  CreateSatelliteAssemblies                  1 calls
        0 ms  CopyFilesToOutputDirectory                 1 calls
        0 ms  MakeDirsForResourceCompile                 1 calls
        0 ms  ComputeCLInputPDBName                      1 calls
        0 ms  ComputeMIDLGeneratedCompileInputs          1 calls
        0 ms  GetCopyToOutputDirectoryItems              1 calls
        0 ms  BeforeResolveReferences                    1 calls
        0 ms  DoLinkOutputFilesMatch                     1 calls
        0 ms  ComputeReferenceCLInput                    1 calls
        0 ms  PrepareForRun                              1 calls
        0 ms  PreBuildEvent                              1 calls
        0 ms  MakeDirsForMidl                            1 calls
        0 ms  _BscMake                                   1 calls
        0 ms  _Appverifier                               1 calls
        0 ms  RegisterOutput                             1 calls
        0 ms  _BuildGenerateSourcesAction                1 calls
        0 ms  ComputeManifestInputsTargets               1 calls
        0 ms  BuildLink                                  1 calls
        0 ms  ResolveSDKReferences                       1 calls
        0 ms  _ALink                                     1 calls
        0 ms  Desktop_PlatformPrepareForBuild            1 calls
        0 ms  ComputeCLGeneratedLinkInputs               1 calls
        0 ms  ResolveProjectReferences                   1 calls
        0 ms  _SplitProjectReferencesByFileExistence     1 calls
        0 ms  BuildGenerateSourcesTraverse               1 calls
        0 ms  AssignTargetPaths                          1 calls
        0 ms  ComputeLegacyManifestEmbedding             1 calls
        0 ms  _CheckForInvalidConfigurationAndPlatform   1 calls
        0 ms  ComputeCLCompileGeneratedSbrFiles          1 calls
        0 ms  ComputeCLOutputs                           1 calls
        0 ms  AfterResolveReferences                     1 calls
        0 ms  AfterBuildGenerateSourcesEvent             1 calls
        0 ms  _BuildLinkAction                           1 calls
        0 ms  BeforeResourceCompile                      1 calls
        0 ms  AfterMidl                                  1 calls
        0 ms  PreLinkEvent                               1 calls
        0 ms  _Deploy                                    1 calls
        0 ms  _PrepareForReferenceResolution             1 calls
        0 ms  MakeDirsForLink                            1 calls
        0 ms  PrepareForBuild                            1 calls
        0 ms  BeforeBuildGenerateSources                 1 calls
        0 ms  AfterClCompile                             1 calls
        0 ms  BeforeClCompile                            1 calls
        0 ms  ResolvedXDCMake                            1 calls
        0 ms  MakeDirsForXdcMake                         1 calls
        0 ms  GetInstalledSDKLocations                   1 calls
        0 ms  _BuildCompileAction                        1 calls
        0 ms  AssignProjectConfiguration                 1 calls
        0 ms  BuildCompile                               1 calls
        0 ms  ComputeRCGeneratedLinkInputs               1 calls
        0 ms  SplitResourcesByCulture                    1 calls
        0 ms  AfterLink                                  1 calls
        0 ms  PrepareResourceNames                       1 calls
        0 ms  PlatformPrepareForBuild                    1 calls
       16 ms  InitializeBuildStatus                      1 calls
       47 ms  SetCABuildNativeEnvironmentVariables       1 calls
     3149 ms  Link                                       1 calls
     5577 ms  ClCompile                                  1 calls
